------BEGIN------
    {
     1 = wetgoop_ghost
    }
------END------



------BEGIN------
    {
     1 = wetgoop_ghost
    }
------END------



------BEGIN------
    {
     1 = wetgoop_ghost
    }
------END------



------BEGIN------
    {
     1 = wetgoop_ghost
    }
------END------



------BEGIN------
    {
     1 = wetgoop_ghost
    }
------END------



------BEGIN------
    {
     1 = wetgoop_ghost
    }
------END------



------BEGIN------
    {
     1 = wetgoop_ghost
    }
------END------



------BEGIN------
    {
     1 = wetgoop_ghost
    }
------END------



------BEGIN------
    {
     1 = wetgoop_ghost
    }
------END------



------BEGIN------
    {
     1 = wetgoop_ghost
    }
------END------



------BEGIN------
    {
     1 = wetgoop_ghost
    }
------END------



------BEGIN------
    {
     1 = wetgoop_ghost
    }
------END------



------BEGIN------
    {
     1 = wetgoop_ghost
    }
------END------



------BEGIN------
    {
     1 = ratatouille
    }
------END------



------BEGIN------
    {
     1 = ratatouille
    }
------END------



------BEGIN------
    {
     1 = ratatouille
    }
------END------



------BEGIN------
    {
     1 = ratatouille
    }
------END------



------BEGIN------
    {
     1 = wetgoop_ghost
    }
------END------



------BEGIN------
    {
     1 = wetgoop_ghost
    }
------END------



------BEGIN------
    {
     1 = wetgoop_ghost
    }
------END------



------BEGIN------
    {
     1 = wetgoop_ghost
    }
------END------



------BEGIN------
    {
     1 = wetgoop_ghost
    }
------END------



------BEGIN------
    {
     1 = wetgoop_ghost
    }
------END------



------BEGIN------
    {
     1 = wetgoop_ghost
    }
------END------



------BEGIN------
    {
     1 = wetgoop_ghost
    }
------END------



------BEGIN------
    {
     1 = wetgoop_ghost
    }
------END------



------BEGIN------
    {
     1 = wetgoop_ghost
    }
------END------



------BEGIN------
    {
     1 = wetgoop_ghost
    }
------END------



------BEGIN------
    {
     1 = wetgoop_ghost
    }
------END------



------BEGIN------
    {
     1 = wetgoop_ghost
    }
------END------



------BEGIN------
    {
     1 = wetgoop_ghost
    }
------END------



------BEGIN------
    {
     1 = wetgoop_ghost
    }
------END------



------BEGIN------
    {
     1 = ratatouille
    }
------END------



------BEGIN------
    {
     1 = ratatouille
    }
------END------



------BEGIN------
    {
     1 = wetgoop_ghost
    }
------END------



